   0  $accept : %entry% $end

   1  main : expr EOL

   2  expr : INT
   3       | LPAREN expr RPAREN
   4       | expr CONJ expr
   5       | expr DISJ expr
   6       | expr XOR expr
   7       | expr EQUIV expr
   8       | expr IMPL expr
   9       | NOT expr
  10       | VNOT INT

  11  %entry% : '\001' main

state 0
	$accept : . %entry% $end  (0)

	'\001'  shift 1
	.  error

	%entry%  goto 2


state 1
	%entry% : '\001' . main  (11)

	INT  shift 3
	NOT  shift 4
	VNOT  shift 5
	LPAREN  shift 6
	.  error

	main  goto 7
	expr  goto 8


state 2
	$accept : %entry% . $end  (0)

	$end  accept


state 3
	expr : INT .  (2)

	.  reduce 2


state 4
	expr : NOT . expr  (9)

	INT  shift 3
	NOT  shift 4
	VNOT  shift 5
	LPAREN  shift 6
	.  error

	expr  goto 9


state 5
	expr : VNOT . INT  (10)

	INT  shift 10
	.  error


state 6
	expr : LPAREN . expr RPAREN  (3)

	INT  shift 3
	NOT  shift 4
	VNOT  shift 5
	LPAREN  shift 6
	.  error

	expr  goto 11


state 7
	%entry% : '\001' main .  (11)

	.  reduce 11


state 8
	main : expr . EOL  (1)
	expr : expr . CONJ expr  (4)
	expr : expr . DISJ expr  (5)
	expr : expr . XOR expr  (6)
	expr : expr . EQUIV expr  (7)
	expr : expr . IMPL expr  (8)

	CONJ  shift 12
	DISJ  shift 13
	XOR  shift 14
	IMPL  shift 15
	EQUIV  shift 16
	EOL  shift 17
	.  error


state 9
	expr : expr . CONJ expr  (4)
	expr : expr . DISJ expr  (5)
	expr : expr . XOR expr  (6)
	expr : expr . EQUIV expr  (7)
	expr : expr . IMPL expr  (8)
	expr : NOT expr .  (9)

	.  reduce 9


state 10
	expr : VNOT INT .  (10)

	.  reduce 10


state 11
	expr : LPAREN expr . RPAREN  (3)
	expr : expr . CONJ expr  (4)
	expr : expr . DISJ expr  (5)
	expr : expr . XOR expr  (6)
	expr : expr . EQUIV expr  (7)
	expr : expr . IMPL expr  (8)

	CONJ  shift 12
	DISJ  shift 13
	XOR  shift 14
	IMPL  shift 15
	EQUIV  shift 16
	RPAREN  shift 18
	.  error


state 12
	expr : expr CONJ . expr  (4)

	INT  shift 3
	NOT  shift 4
	VNOT  shift 5
	LPAREN  shift 6
	.  error

	expr  goto 19


state 13
	expr : expr DISJ . expr  (5)

	INT  shift 3
	NOT  shift 4
	VNOT  shift 5
	LPAREN  shift 6
	.  error

	expr  goto 20


state 14
	expr : expr XOR . expr  (6)

	INT  shift 3
	NOT  shift 4
	VNOT  shift 5
	LPAREN  shift 6
	.  error

	expr  goto 21


state 15
	expr : expr IMPL . expr  (8)

	INT  shift 3
	NOT  shift 4
	VNOT  shift 5
	LPAREN  shift 6
	.  error

	expr  goto 22


state 16
	expr : expr EQUIV . expr  (7)

	INT  shift 3
	NOT  shift 4
	VNOT  shift 5
	LPAREN  shift 6
	.  error

	expr  goto 23


state 17
	main : expr EOL .  (1)

	.  reduce 1


state 18
	expr : LPAREN expr RPAREN .  (3)

	.  reduce 3


state 19
	expr : expr . CONJ expr  (4)
	expr : expr CONJ expr .  (4)
	expr : expr . DISJ expr  (5)
	expr : expr . XOR expr  (6)
	expr : expr . EQUIV expr  (7)
	expr : expr . IMPL expr  (8)

	.  reduce 4


state 20
	expr : expr . CONJ expr  (4)
	expr : expr . DISJ expr  (5)
	expr : expr DISJ expr .  (5)
	expr : expr . XOR expr  (6)
	expr : expr . EQUIV expr  (7)
	expr : expr . IMPL expr  (8)

	CONJ  shift 12
	DISJ  reduce 5
	XOR  reduce 5
	IMPL  reduce 5
	EQUIV  reduce 5
	RPAREN  reduce 5
	EOL  reduce 5


state 21
	expr : expr . CONJ expr  (4)
	expr : expr . DISJ expr  (5)
	expr : expr . XOR expr  (6)
	expr : expr XOR expr .  (6)
	expr : expr . EQUIV expr  (7)
	expr : expr . IMPL expr  (8)

	CONJ  shift 12
	DISJ  shift 13
	XOR  reduce 6
	IMPL  reduce 6
	EQUIV  reduce 6
	RPAREN  reduce 6
	EOL  reduce 6


state 22
	expr : expr . CONJ expr  (4)
	expr : expr . DISJ expr  (5)
	expr : expr . XOR expr  (6)
	expr : expr . EQUIV expr  (7)
	expr : expr . IMPL expr  (8)
	expr : expr IMPL expr .  (8)

	CONJ  shift 12
	DISJ  shift 13
	XOR  shift 14
	IMPL  reduce 8
	EQUIV  reduce 8
	RPAREN  reduce 8
	EOL  reduce 8


state 23
	expr : expr . CONJ expr  (4)
	expr : expr . DISJ expr  (5)
	expr : expr . XOR expr  (6)
	expr : expr . EQUIV expr  (7)
	expr : expr EQUIV expr .  (7)
	expr : expr . IMPL expr  (8)

	CONJ  shift 12
	DISJ  shift 13
	XOR  shift 14
	IMPL  shift 15
	EQUIV  reduce 7
	RPAREN  reduce 7
	EOL  reduce 7


14 terminals, 4 nonterminals
12 grammar rules, 24 states
